<?xml version="1.0" encoding="UTF-8"?>
<!-- Generated by org.testng.reporters.JUnitReportReporter -->
<testsuite hostname="ubuntu-VirtualBox" failures="0" tests="1" name="com.jenkins.tests.JenkinsTest.AppTest" time="46.683" errors="0" timestamp="2020-12-12T10:49:48 IST" skipped="0">
  <testcase classname="com.jenkins.tests.JenkinsTest.AppTest" name="loadAmazonHomePage" time="46.683"/>
  <system-out/>
</testsuite> <!-- com.jenkins.tests.JenkinsTest.AppTest -->
